---------------------------------------------------------------
[ 2020-01-21T00:00:03+08:00 ] 127.0.0.1 GET www.tp.com/test
[运行时间：0.021296s] [吞吐率：46.96req/s] [内存消耗：1,132.29kb] [文件加载：35]
[ info ] [ LANG ] D:\phpStudy\PHPTutorial\WWW\code\thinkphp\lang\zh-cn.php
[ info ] [ ROUTE ] array (
  'type' => 'module',
  'module' => 
  array (
    0 => NULL,
    1 => NULL,
    2 => 'other',
  ),
  'convert' => false,
)
[ info ] [ HEADER ] array (
  'accept-language' => 'zh-CN,zh;q=0.9',
  'accept-encoding' => 'gzip, deflate',
  'accept' => 'text/html,application/xhtml+xml,application/xml;q=0.9,image/webp,image/apng,*/*;q=0.8,application/signed-exchange;v=b3;q=0.9',
  'user-agent' => 'Mozilla/5.0 (Windows NT 10.0; Win64; x64) AppleWebKit/537.36 (KHTML, like Gecko) Chrome/79.0.3945.117 Safari/537.36',
  'upgrade-insecure-requests' => '1',
  'cache-control' => 'max-age=0',
  'connection' => 'close',
  'host' => 'www.tp.com',
)
[ info ] [ PARAM ] array (
  '/test' => '',
)
[ info ] [ LOG ] INIT File
---------------------------------------------------------------
[ 2020-01-21T00:00:03+08:00 ] 127.0.0.1 GET www.tp.com/test
[运行时间：0.019072s] [吞吐率：52.43req/s] [内存消耗：1,132.30kb] [文件加载：35]
[ info ] [ LANG ] D:\phpStudy\PHPTutorial\WWW\code\thinkphp\lang\zh-cn.php
[ info ] [ ROUTE ] array (
  'type' => 'module',
  'module' => 
  array (
    0 => NULL,
    1 => NULL,
    2 => 'other',
  ),
  'convert' => false,
)
[ info ] [ HEADER ] array (
  'accept-language' => 'zh-CN,zh;q=0.9',
  'accept-encoding' => 'gzip, deflate',
  'accept' => 'text/html,application/xhtml+xml,application/xml;q=0.9,image/webp,image/apng,*/*;q=0.8,application/signed-exchange;v=b3;q=0.9',
  'user-agent' => 'Mozilla/5.0 (Windows NT 10.0; Win64; x64) AppleWebKit/537.36 (KHTML, like Gecko) Chrome/79.0.3945.117 Safari/537.36',
  'upgrade-insecure-requests' => '1',
  'cache-control' => 'max-age=0',
  'connection' => 'close',
  'host' => 'www.tp.com',
)
[ info ] [ PARAM ] array (
  '/test' => '',
)
[ info ] [ LOG ] INIT File
---------------------------------------------------------------
[ 2020-01-21T00:00:04+08:00 ] 127.0.0.1 GET www.tp.com/test
[运行时间：0.018279s] [吞吐率：54.71req/s] [内存消耗：1,132.30kb] [文件加载：35]
[ info ] [ LANG ] D:\phpStudy\PHPTutorial\WWW\code\thinkphp\lang\zh-cn.php
[ info ] [ ROUTE ] array (
  'type' => 'module',
  'module' => 
  array (
    0 => NULL,
    1 => NULL,
    2 => 'other',
  ),
  'convert' => false,
)
[ info ] [ HEADER ] array (
  'accept-language' => 'zh-CN,zh;q=0.9',
  'accept-encoding' => 'gzip, deflate',
  'accept' => 'text/html,application/xhtml+xml,application/xml;q=0.9,image/webp,image/apng,*/*;q=0.8,application/signed-exchange;v=b3;q=0.9',
  'user-agent' => 'Mozilla/5.0 (Windows NT 10.0; Win64; x64) AppleWebKit/537.36 (KHTML, like Gecko) Chrome/79.0.3945.117 Safari/537.36',
  'upgrade-insecure-requests' => '1',
  'cache-control' => 'max-age=0',
  'connection' => 'close',
  'host' => 'www.tp.com',
)
[ info ] [ PARAM ] array (
  '/test' => '',
)
[ info ] [ LOG ] INIT File
---------------------------------------------------------------
[ 2020-01-21T00:00:04+08:00 ] 127.0.0.1 GET www.tp.com/test
[运行时间：0.017140s] [吞吐率：58.34req/s] [内存消耗：1,132.30kb] [文件加载：35]
[ info ] [ LANG ] D:\phpStudy\PHPTutorial\WWW\code\thinkphp\lang\zh-cn.php
[ info ] [ ROUTE ] array (
  'type' => 'module',
  'module' => 
  array (
    0 => NULL,
    1 => NULL,
    2 => 'other',
  ),
  'convert' => false,
)
[ info ] [ HEADER ] array (
  'accept-language' => 'zh-CN,zh;q=0.9',
  'accept-encoding' => 'gzip, deflate',
  'accept' => 'text/html,application/xhtml+xml,application/xml;q=0.9,image/webp,image/apng,*/*;q=0.8,application/signed-exchange;v=b3;q=0.9',
  'user-agent' => 'Mozilla/5.0 (Windows NT 10.0; Win64; x64) AppleWebKit/537.36 (KHTML, like Gecko) Chrome/79.0.3945.117 Safari/537.36',
  'upgrade-insecure-requests' => '1',
  'cache-control' => 'max-age=0',
  'connection' => 'close',
  'host' => 'www.tp.com',
)
[ info ] [ PARAM ] array (
  '/test' => '',
)
[ info ] [ LOG ] INIT File
---------------------------------------------------------------
[ 2020-01-21T00:03:52+08:00 ] 127.0.0.1 GET www.tp.com/test
[运行时间：0.016371s] [吞吐率：61.08req/s] [内存消耗：861.35kb] [文件加载：28]
[ info ] [ LANG ] D:\phpStudy\PHPTutorial\WWW\code\thinkphp\lang\zh-cn.php
[ info ] [ ROUTE ] array (
  'type' => 'module',
  'module' => 
  array (
    0 => 'test',
    1 => NULL,
    2 => NULL,
  ),
)
[ info ] [ HEADER ] array (
  'accept-language' => 'zh-CN,zh;q=0.9',
  'accept-encoding' => 'gzip, deflate',
  'accept' => 'text/html,application/xhtml+xml,application/xml;q=0.9,image/webp,image/apng,*/*;q=0.8,application/signed-exchange;v=b3;q=0.9',
  'user-agent' => 'Mozilla/5.0 (Windows NT 10.0; Win64; x64) AppleWebKit/537.36 (KHTML, like Gecko) Chrome/79.0.3945.117 Safari/537.36',
  'upgrade-insecure-requests' => '1',
  'cache-control' => 'max-age=0',
  'connection' => 'close',
  'host' => 'www.tp.com',
)
[ info ] [ PARAM ] array (
  '/test' => '',
)
[ info ] [ LOG ] INIT File
---------------------------------------------------------------
[ 2020-01-21T00:03:53+08:00 ] 127.0.0.1 GET www.tp.com/test
[运行时间：0.015657s] [吞吐率：63.87req/s] [内存消耗：860.66kb] [文件加载：28]
[ info ] [ LANG ] D:\phpStudy\PHPTutorial\WWW\code\thinkphp\lang\zh-cn.php
[ info ] [ ROUTE ] array (
  'type' => 'module',
  'module' => 
  array (
    0 => 'test',
    1 => NULL,
    2 => NULL,
  ),
)
[ info ] [ HEADER ] array (
  'accept-language' => 'zh-CN,zh;q=0.9',
  'accept-encoding' => 'gzip, deflate',
  'accept' => 'text/html,application/xhtml+xml,application/xml;q=0.9,image/webp,image/apng,*/*;q=0.8,application/signed-exchange;v=b3;q=0.9',
  'user-agent' => 'Mozilla/5.0 (Windows NT 10.0; Win64; x64) AppleWebKit/537.36 (KHTML, like Gecko) Chrome/79.0.3945.117 Safari/537.36',
  'upgrade-insecure-requests' => '1',
  'cache-control' => 'max-age=0',
  'connection' => 'close',
  'host' => 'www.tp.com',
)
[ info ] [ PARAM ] array (
  '/test' => '',
)
[ info ] [ LOG ] INIT File
---------------------------------------------------------------
[ 2020-01-21T00:03:53+08:00 ] 127.0.0.1 GET www.tp.com/test
[运行时间：0.012821s] [吞吐率：78.00req/s] [内存消耗：860.66kb] [文件加载：28]
[ info ] [ LANG ] D:\phpStudy\PHPTutorial\WWW\code\thinkphp\lang\zh-cn.php
[ info ] [ ROUTE ] array (
  'type' => 'module',
  'module' => 
  array (
    0 => 'test',
    1 => NULL,
    2 => NULL,
  ),
)
[ info ] [ HEADER ] array (
  'accept-language' => 'zh-CN,zh;q=0.9',
  'accept-encoding' => 'gzip, deflate',
  'accept' => 'text/html,application/xhtml+xml,application/xml;q=0.9,image/webp,image/apng,*/*;q=0.8,application/signed-exchange;v=b3;q=0.9',
  'user-agent' => 'Mozilla/5.0 (Windows NT 10.0; Win64; x64) AppleWebKit/537.36 (KHTML, like Gecko) Chrome/79.0.3945.117 Safari/537.36',
  'upgrade-insecure-requests' => '1',
  'cache-control' => 'max-age=0',
  'connection' => 'close',
  'host' => 'www.tp.com',
)
[ info ] [ PARAM ] array (
  '/test' => '',
)
[ info ] [ LOG ] INIT File
---------------------------------------------------------------
[ 2020-01-21T00:03:53+08:00 ] 127.0.0.1 GET www.tp.com/test
[运行时间：0.018902s] [吞吐率：52.90req/s] [内存消耗：860.66kb] [文件加载：28]
[ info ] [ LANG ] D:\phpStudy\PHPTutorial\WWW\code\thinkphp\lang\zh-cn.php
[ info ] [ ROUTE ] array (
  'type' => 'module',
  'module' => 
  array (
    0 => 'test',
    1 => NULL,
    2 => NULL,
  ),
)
[ info ] [ HEADER ] array (
  'accept-language' => 'zh-CN,zh;q=0.9',
  'accept-encoding' => 'gzip, deflate',
  'accept' => 'text/html,application/xhtml+xml,application/xml;q=0.9,image/webp,image/apng,*/*;q=0.8,application/signed-exchange;v=b3;q=0.9',
  'user-agent' => 'Mozilla/5.0 (Windows NT 10.0; Win64; x64) AppleWebKit/537.36 (KHTML, like Gecko) Chrome/79.0.3945.117 Safari/537.36',
  'upgrade-insecure-requests' => '1',
  'cache-control' => 'max-age=0',
  'connection' => 'close',
  'host' => 'www.tp.com',
)
[ info ] [ PARAM ] array (
  '/test' => '',
)
[ info ] [ LOG ] INIT File
---------------------------------------------------------------
[ 2020-01-21T00:03:53+08:00 ] 127.0.0.1 GET www.tp.com/test
[运行时间：0.013149s] [吞吐率：76.05req/s] [内存消耗：860.66kb] [文件加载：28]
[ info ] [ LANG ] D:\phpStudy\PHPTutorial\WWW\code\thinkphp\lang\zh-cn.php
[ info ] [ ROUTE ] array (
  'type' => 'module',
  'module' => 
  array (
    0 => 'test',
    1 => NULL,
    2 => NULL,
  ),
)
[ info ] [ HEADER ] array (
  'accept-language' => 'zh-CN,zh;q=0.9',
  'accept-encoding' => 'gzip, deflate',
  'accept' => 'text/html,application/xhtml+xml,application/xml;q=0.9,image/webp,image/apng,*/*;q=0.8,application/signed-exchange;v=b3;q=0.9',
  'user-agent' => 'Mozilla/5.0 (Windows NT 10.0; Win64; x64) AppleWebKit/537.36 (KHTML, like Gecko) Chrome/79.0.3945.117 Safari/537.36',
  'upgrade-insecure-requests' => '1',
  'cache-control' => 'max-age=0',
  'connection' => 'close',
  'host' => 'www.tp.com',
)
[ info ] [ PARAM ] array (
  '/test' => '',
)
[ info ] [ LOG ] INIT File
---------------------------------------------------------------
[ 2020-01-21T00:03:54+08:00 ] 127.0.0.1 GET www.tp.com/test
[运行时间：0.013489s] [吞吐率：74.13req/s] [内存消耗：860.66kb] [文件加载：28]
[ info ] [ LANG ] D:\phpStudy\PHPTutorial\WWW\code\thinkphp\lang\zh-cn.php
[ info ] [ ROUTE ] array (
  'type' => 'module',
  'module' => 
  array (
    0 => 'test',
    1 => NULL,
    2 => NULL,
  ),
)
[ info ] [ HEADER ] array (
  'accept-language' => 'zh-CN,zh;q=0.9',
  'accept-encoding' => 'gzip, deflate',
  'accept' => 'text/html,application/xhtml+xml,application/xml;q=0.9,image/webp,image/apng,*/*;q=0.8,application/signed-exchange;v=b3;q=0.9',
  'user-agent' => 'Mozilla/5.0 (Windows NT 10.0; Win64; x64) AppleWebKit/537.36 (KHTML, like Gecko) Chrome/79.0.3945.117 Safari/537.36',
  'upgrade-insecure-requests' => '1',
  'cache-control' => 'max-age=0',
  'connection' => 'close',
  'host' => 'www.tp.com',
)
[ info ] [ PARAM ] array (
  '/test' => '',
)
[ info ] [ LOG ] INIT File
---------------------------------------------------------------
[ 2020-01-21T00:04:13+08:00 ] 127.0.0.1 GET www.tp.com/test/ceshi
[运行时间：0.024817s] [吞吐率：40.29req/s] [内存消耗：1,094.49kb] [文件加载：32]
[ info ] [ LANG ] D:\phpStudy\PHPTutorial\WWW\code\thinkphp\lang\zh-cn.php
[ info ] [ ROUTE ] array (
  'type' => 'module',
  'module' => 
  array (
    0 => 'index',
    1 => 'other',
    2 => 'ceshi',
  ),
  'convert' => false,
)
[ info ] [ HEADER ] array (
  'accept-language' => 'zh-CN,zh;q=0.9',
  'accept-encoding' => 'gzip, deflate',
  'accept' => 'text/html,application/xhtml+xml,application/xml;q=0.9,image/webp,image/apng,*/*;q=0.8,application/signed-exchange;v=b3;q=0.9',
  'user-agent' => 'Mozilla/5.0 (Windows NT 10.0; Win64; x64) AppleWebKit/537.36 (KHTML, like Gecko) Chrome/79.0.3945.117 Safari/537.36',
  'upgrade-insecure-requests' => '1',
  'connection' => 'close',
  'host' => 'www.tp.com',
)
[ info ] [ PARAM ] array (
  '/test/ceshi' => '',
  'name' => 'ceshi',
)
[ info ] [ RUN ] app\index\controller\Other->ceshi[ D:\phpStudy\PHPTutorial\WWW\code\application\index\controller\Other.php ]
[ info ] [ LOG ] INIT File
---------------------------------------------------------------
[ 2020-01-21T00:06:09+08:00 ] 127.0.0.1 GET www.tp.com/test/ceshi
[运行时间：0.016782s] [吞吐率：59.59req/s] [内存消耗：1,094.95kb] [文件加载：32]
[ info ] [ LANG ] D:\phpStudy\PHPTutorial\WWW\code\thinkphp\lang\zh-cn.php
[ info ] [ ROUTE ] array (
  'type' => 'module',
  'module' => 
  array (
    0 => 'index',
    1 => 'other',
    2 => 'ceshi',
  ),
  'convert' => false,
)
[ info ] [ HEADER ] array (
  'accept-language' => 'zh-CN,zh;q=0.9',
  'accept-encoding' => 'gzip, deflate',
  'accept' => 'text/html,application/xhtml+xml,application/xml;q=0.9,image/webp,image/apng,*/*;q=0.8,application/signed-exchange;v=b3;q=0.9',
  'user-agent' => 'Mozilla/5.0 (Windows NT 10.0; Win64; x64) AppleWebKit/537.36 (KHTML, like Gecko) Chrome/79.0.3945.117 Safari/537.36',
  'upgrade-insecure-requests' => '1',
  'cache-control' => 'max-age=0',
  'connection' => 'close',
  'host' => 'www.tp.com',
)
[ info ] [ PARAM ] array (
  '/test/ceshi' => '',
  'name' => 'ceshi',
)
[ info ] [ RUN ] app\index\controller\Other->ceshi[ D:\phpStudy\PHPTutorial\WWW\code\application\index\controller\Other.php ]
[ info ] [ LOG ] INIT File
---------------------------------------------------------------
[ 2020-01-21T00:06:09+08:00 ] 127.0.0.1 GET www.tp.com/test/ceshi
[运行时间：0.013866s] [吞吐率：72.12req/s] [内存消耗：1,094.95kb] [文件加载：32]
[ info ] [ LANG ] D:\phpStudy\PHPTutorial\WWW\code\thinkphp\lang\zh-cn.php
[ info ] [ ROUTE ] array (
  'type' => 'module',
  'module' => 
  array (
    0 => 'index',
    1 => 'other',
    2 => 'ceshi',
  ),
  'convert' => false,
)
[ info ] [ HEADER ] array (
  'accept-language' => 'zh-CN,zh;q=0.9',
  'accept-encoding' => 'gzip, deflate',
  'accept' => 'text/html,application/xhtml+xml,application/xml;q=0.9,image/webp,image/apng,*/*;q=0.8,application/signed-exchange;v=b3;q=0.9',
  'user-agent' => 'Mozilla/5.0 (Windows NT 10.0; Win64; x64) AppleWebKit/537.36 (KHTML, like Gecko) Chrome/79.0.3945.117 Safari/537.36',
  'upgrade-insecure-requests' => '1',
  'cache-control' => 'max-age=0',
  'connection' => 'close',
  'host' => 'www.tp.com',
)
[ info ] [ PARAM ] array (
  '/test/ceshi' => '',
  'name' => 'ceshi',
)
[ info ] [ RUN ] app\index\controller\Other->ceshi[ D:\phpStudy\PHPTutorial\WWW\code\application\index\controller\Other.php ]
[ info ] [ LOG ] INIT File
---------------------------------------------------------------
[ 2020-01-21T00:06:10+08:00 ] 127.0.0.1 GET www.tp.com/test/ceshi
[运行时间：0.017155s] [吞吐率：58.29req/s] [内存消耗：1,094.95kb] [文件加载：32]
[ info ] [ LANG ] D:\phpStudy\PHPTutorial\WWW\code\thinkphp\lang\zh-cn.php
[ info ] [ ROUTE ] array (
  'type' => 'module',
  'module' => 
  array (
    0 => 'index',
    1 => 'other',
    2 => 'ceshi',
  ),
  'convert' => false,
)
[ info ] [ HEADER ] array (
  'accept-language' => 'zh-CN,zh;q=0.9',
  'accept-encoding' => 'gzip, deflate',
  'accept' => 'text/html,application/xhtml+xml,application/xml;q=0.9,image/webp,image/apng,*/*;q=0.8,application/signed-exchange;v=b3;q=0.9',
  'user-agent' => 'Mozilla/5.0 (Windows NT 10.0; Win64; x64) AppleWebKit/537.36 (KHTML, like Gecko) Chrome/79.0.3945.117 Safari/537.36',
  'upgrade-insecure-requests' => '1',
  'cache-control' => 'max-age=0',
  'connection' => 'close',
  'host' => 'www.tp.com',
)
[ info ] [ PARAM ] array (
  '/test/ceshi' => '',
  'name' => 'ceshi',
)
[ info ] [ RUN ] app\index\controller\Other->ceshi[ D:\phpStudy\PHPTutorial\WWW\code\application\index\controller\Other.php ]
[ info ] [ LOG ] INIT File
---------------------------------------------------------------
[ 2020-01-21T01:29:23+08:00 ] 127.0.0.1 GET www.tp.com/test/ceshi
[运行时间：0.016569s] [吞吐率：60.35req/s] [内存消耗：861.52kb] [文件加载：28]
[ info ] [ LANG ] D:\phpStudy\PHPTutorial\WWW\code\thinkphp\lang\zh-cn.php
[ info ] [ ROUTE ] array (
  'type' => 'module',
  'module' => 
  array (
    0 => 'test',
    1 => 'ceshi',
    2 => NULL,
  ),
)
[ info ] [ HEADER ] array (
  'accept-language' => 'zh-CN,zh;q=0.9',
  'accept-encoding' => 'gzip, deflate',
  'accept' => 'text/html,application/xhtml+xml,application/xml;q=0.9,image/webp,image/apng,*/*;q=0.8,application/signed-exchange;v=b3;q=0.9',
  'user-agent' => 'Mozilla/5.0 (Windows NT 10.0; Win64; x64) AppleWebKit/537.36 (KHTML, like Gecko) Chrome/79.0.3945.117 Safari/537.36',
  'upgrade-insecure-requests' => '1',
  'cache-control' => 'max-age=0',
  'connection' => 'close',
  'host' => 'www.tp.com',
)
[ info ] [ PARAM ] array (
  '/test/ceshi' => '',
)
[ info ] [ LOG ] INIT File
